This is pdfTeX, Version 3.14159265-2.6-1.40.19 (MiKTeX 2.9.6930 64-bit) (preloaded format=pdflatex 2019.3.1)  18 NOV 2019 18:58
entering extended mode
**"./stefan boltzmann.tex"
("stefan boltzmann.tex"
LaTeX2e <2018-12-01>
(D:\LaTeX\tex/latex/base\article.cls
Document Class: article 2018/09/03 v1.4i Standard LaTeX document class
(D:\LaTeX\tex/latex/base\size11.clo
File: size11.clo 2018/09/03 v1.4i Standard LaTeX file (size option)
)
\c@part=\count80
\c@section=\count81
\c@subsection=\count82
\c@subsubsection=\count83
\c@paragraph=\count84
\c@subparagraph=\count85
\c@figure=\count86
\c@table=\count87
\abovecaptionskip=\skip41
\belowcaptionskip=\skip42
\bibindent=\dimen102
) (D:\LaTeX\tex/latex/base\inputenc.sty
Package: inputenc 2018/08/11 v1.3c Input encoding file
\inpenc@prehook=\toks14
\inpenc@posthook=\toks15
)
(D:\LaTeX\tex/generic/babel\babel.sty
Package: babel 2018/11/13 3.27 The Babel package
 (D:\LaTeX\tex/generic/babel\switch.def
File: switch.def 2018/11/13 3.27 Babel switching mechanism
)
*************************************
* Local config file bblopts.cfg used
*
(D:\LaTeX\tex/latex/arabi\bblopts.cfg
File: bblopts.cfg 2005/09/08 v0.1 add Arabic and Farsi to "declared" options of
 babel
)
(D:\LaTeX\tex/latex/babel-english\english.ldf
Language: english 2017/06/06 v3.3r English support from the babel system

(D:\LaTeX\tex/generic/babel\babel.def
File: babel.def 2018/11/13 3.27 Babel common definitions
\babel@savecnt=\count88
\U@D=\dimen103
 (D:\LaTeX\tex/generic/babel\txtbabel.def)
\bbl@dirlevel=\count89
)
\l@canadian = a dialect from \language\l@american 
\l@australian = a dialect from \language\l@british 
\l@newzealand = a dialect from \language\l@british 
)) (D:\LaTeX\tex/latex/amsmath\amsmath.sty
Package: amsmath 2018/12/01 v2.17b AMS math features
\@mathmargin=\skip43

For additional information on amsmath, use the `?' option.
(D:\LaTeX\tex/latex/amsmath\amstext.sty
Package: amstext 2000/06/29 v2.01 AMS text
 (D:\LaTeX\tex/latex/amsmath\amsgen.sty
File: amsgen.sty 1999/11/30 v2.0 generic functions
\@emptytoks=\toks16
\ex@=\dimen104
)) (D:\LaTeX\tex/latex/amsmath\amsbsy.sty
Package: amsbsy 1999/11/29 v1.2d Bold Symbols
\pmbraise@=\dimen105
)
(D:\LaTeX\tex/latex/amsmath\amsopn.sty
Package: amsopn 2016/03/08 v2.02 operator names
)
\inf@bad=\count90
LaTeX Info: Redefining \frac on input line 223.
\uproot@=\count91
\leftroot@=\count92
LaTeX Info: Redefining \overline on input line 385.
\classnum@=\count93
\DOTSCASE@=\count94
LaTeX Info: Redefining \ldots on input line 482.
LaTeX Info: Redefining \dots on input line 485.
LaTeX Info: Redefining \cdots on input line 606.
\Mathstrutbox@=\box27
\strutbox@=\box28
\big@size=\dimen106
LaTeX Font Info:    Redeclaring font encoding OML on input line 729.
LaTeX Font Info:    Redeclaring font encoding OMS on input line 730.
\macc@depth=\count95
\c@MaxMatrixCols=\count96
\dotsspace@=\muskip10
\c@parentequation=\count97
\dspbrk@lvl=\count98
\tag@help=\toks17
\row@=\count99
\column@=\count100
\maxfields@=\count101
\andhelp@=\toks18
\eqnshift@=\dimen107
\alignsep@=\dimen108
\tagshift@=\dimen109
\tagwidth@=\dimen110
\totwidth@=\dimen111
\lineht@=\dimen112
\@envbody=\toks19
\multlinegap=\skip44
\multlinetaggap=\skip45
\mathdisplay@stack=\toks20
LaTeX Info: Redefining \[ on input line 2844.
LaTeX Info: Redefining \] on input line 2845.
)
(D:\LaTeX\tex/latex/amsfonts\amsfonts.sty
Package: amsfonts 2013/01/14 v3.01 Basic AMSFonts support
\symAMSa=\mathgroup4
\symAMSb=\mathgroup5
LaTeX Font Info:    Overwriting math alphabet `\mathfrak' in version `bold'
(Font)                  U/euf/m/n --> U/euf/b/n on input line 106.
)
(D:\LaTeX\tex/latex/amsfonts\amssymb.sty
Package: amssymb 2013/01/14 v3.01 AMS font symbols
)
(D:\LaTeX\tex/latex/graphics\graphicx.sty
Package: graphicx 2017/06/01 v1.1a Enhanced LaTeX Graphics (DPC,SPQR)

(D:\LaTeX\tex/latex/graphics\keyval.sty
Package: keyval 2014/10/28 v1.15 key=value parser (DPC)
\KV@toks@=\toks21
)
(D:\LaTeX\tex/latex/graphics\graphics.sty
Package: graphics 2017/06/25 v1.2c Standard LaTeX Graphics (DPC,SPQR)
 (D:\LaTeX\tex/latex/graphics\trig.sty
Package: trig 2016/01/03 v1.10 sin cos tan (DPC)
) (D:\LaTeX\tex/latex/graphics-cfg\graphics.cfg
File: graphics.cfg 2016/06/04 v1.11 sample graphics configuration
)
Package graphics Info: Driver file: pdftex.def on input line 99.

(D:\LaTeX\tex/latex/graphics-def\pdftex.def
File: pdftex.def 2018/01/08 v1.0l Graphics/color driver for pdftex
))
\Gin@req@height=\dimen113
\Gin@req@width=\dimen114
)
(D:\LaTeX\tex/latex/float\float.sty
Package: float 2001/11/08 v1.3d Float enhancements (AL)
\c@float@type=\count102
\float@exts=\toks22
\float@box=\box29
\@float@everytoks=\toks23
\@floatcapt=\box30
) (D:\LaTeX\tex/latex/caption\subcaption.sty
Package: subcaption 2018/05/01 v1.1-162 Sub-captions (AR)
(D:\LaTeX\tex/latex/caption\caption.sty
Package: caption 2018/10/06 v3.3-154 Customizing captions (AR)

(D:\LaTeX\tex/latex/caption\caption3.sty
Package: caption3 2018/09/12 v1.8c caption3 kernel (AR)
Package caption3 Info: TeX engine: e-TeX on input line 64.
\captionmargin=\dimen115
\captionmargin@=\dimen116
\captionwidth=\dimen117
\caption@tempdima=\dimen118
\caption@indent=\dimen119
\caption@parindent=\dimen120
\caption@hangindent=\dimen121
)
\c@caption@flags=\count103
\c@ContinuedFloat=\count104
Package caption Info: float package is loaded.
)
\c@subfigure=\count105
\c@subtable=\count106
) ("stefan boltzmann.aux")
\openout1 = `"stefan boltzmann.aux"'.

LaTeX Font Info:    Checking defaults for OML/cmm/m/it on input line 10.
LaTeX Font Info:    ... okay on input line 10.
LaTeX Font Info:    Checking defaults for T1/cmr/m/n on input line 10.
LaTeX Font Info:    ... okay on input line 10.
LaTeX Font Info:    Checking defaults for OT1/cmr/m/n on input line 10.
LaTeX Font Info:    ... okay on input line 10.
LaTeX Font Info:    Checking defaults for OMS/cmsy/m/n on input line 10.
LaTeX Font Info:    ... okay on input line 10.
LaTeX Font Info:    Checking defaults for OMX/cmex/m/n on input line 10.
LaTeX Font Info:    ... okay on input line 10.
LaTeX Font Info:    Checking defaults for U/cmr/m/n on input line 10.
LaTeX Font Info:    ... okay on input line 10.

(D:\LaTeX\tex/context/base/mkii\supp-pdf.mkii
[Loading MPS to PDF converter (version 2006.09.02).]
\scratchcounter=\count107
\scratchdimen=\dimen122
\scratchbox=\box31
\nofMPsegments=\count108
\nofMParguments=\count109
\everyMPshowfont=\toks24
\MPscratchCnt=\count110
\MPscratchDim=\dimen123
\MPnumerator=\count111
\makeMPintoPDFobject=\count112
\everyMPtoPDFconversion=\toks25
) (D:\LaTeX\tex/latex/oberdiek\epstopdf-base.sty
Package: epstopdf-base 2016/05/15 v2.6 Base part for package epstopdf

(D:\LaTeX\tex/generic/oberdiek\infwarerr.sty
Package: infwarerr 2016/05/16 v1.4 Providing info/warning/error messages (HO)
)
(D:\LaTeX\tex/latex/oberdiek\grfext.sty
Package: grfext 2016/05/16 v1.2 Manage graphics extensions (HO)

(D:\LaTeX\tex/generic/oberdiek\kvdefinekeys.sty
Package: kvdefinekeys 2016/05/16 v1.4 Define keys (HO)

(D:\LaTeX\tex/generic/oberdiek\ltxcmds.sty
Package: ltxcmds 2016/05/16 v1.23 LaTeX kernel commands for general use (HO)
)))
(D:\LaTeX\tex/latex/oberdiek\kvoptions.sty
Package: kvoptions 2016/05/16 v3.12 Key value format for package options (HO)

(D:\LaTeX\tex/generic/oberdiek\kvsetkeys.sty
Package: kvsetkeys 2016/05/16 v1.17 Key value parser (HO)

(D:\LaTeX\tex/generic/oberdiek\etexcmds.sty
Package: etexcmds 2016/05/16 v1.6 Avoid name clashes with e-TeX commands (HO)

(D:\LaTeX\tex/generic/oberdiek\ifluatex.sty
Package: ifluatex 2016/05/16 v1.4 Provides the ifluatex switch (HO)
Package ifluatex Info: LuaTeX not detected.
))))
(D:\LaTeX\tex/generic/oberdiek\pdftexcmds.sty
Package: pdftexcmds 2018/09/10 v0.29 Utility functions of pdfTeX for LuaTeX (HO
)

(D:\LaTeX\tex/generic/oberdiek\ifpdf.sty
Package: ifpdf 2018/09/07 v3.3 Provides the ifpdf switch
)
Package pdftexcmds Info: LuaTeX not detected.
Package pdftexcmds Info: \pdf@primitive is available.
Package pdftexcmds Info: \pdf@ifprimitive is available.
Package pdftexcmds Info: \pdfdraftmode found.
)
Package epstopdf-base Info: Redefining graphics rule for `.eps' on input line 4
38.
Package grfext Info: Graphics extension search list:
(grfext)             [.pdf,.png,.jpg,.mps,.jpeg,.jbig2,.jb2,.PDF,.PNG,.JPG,.JPE
G,.JBIG2,.JB2,.eps]
(grfext)             \AppendGraphicsExtensions on input line 456.
)
Package caption Info: Begin \AtBeginDocument code.
Package caption Info: End \AtBeginDocument code.
LaTeX Font Info:    Try loading font information for U+msa on input line 14.

(D:\LaTeX\tex/latex/amsfonts\umsa.fd
File: umsa.fd 2013/01/14 v3.01 AMS symbols A
)
LaTeX Font Info:    Try loading font information for U+msb on input line 14.
 (D:\LaTeX\tex/latex/amsfonts\umsb.fd
File: umsb.fd 2013/01/14 v3.01 AMS symbols B
)
Underfull \hbox (badness 10000) in paragraph at lines 15--17

 []


Underfull \hbox (badness 10000) in paragraph at lines 17--21

 []

<pl.png, id=1, 265.59225pt x 224.037pt>
File: pl.png Graphic file (type png)
<use pl.png>
Package pdftex.def Info: pl.png  used on input line 25.
(pdftex.def)             Requested size: 159.35657pt x 134.42322pt.
[1

{C:/Users/BEN/AppData/Local/MiKTeX/2.9/pdftex/config/pdftex.map}] [2 <./pl.png>
]
LaTeX Font Info:    Try loading font information for OMS+cmr on input line 64.
 (D:\LaTeX\tex/latex/base\omscmr.fd
File: omscmr.fd 2014/09/29 v2.5h Standard LaTeX font definitions
)
LaTeX Font Info:    Font shape `OMS/cmr/m/n' in size <12> not available
(Font)              Font shape `OMS/cmsy/m/n' tried instead on input line 64.
 [3]
<R.png, id=28, 311.36325pt x 278.84175pt>
File: R.png Graphic file (type png)
<use R.png>
Package pdftex.def Info: R.png  used on input line 86.
(pdftex.def)             Requested size: 186.81938pt x 167.30632pt.
 [4] [5 <./R.png>]
Underfull \hbox (badness 10000) in paragraph at lines 90--91

 []

Package epstopdf Info: Source file: <RR.eps>
(epstopdf)                    date: 2019-11-18 15:29:36
(epstopdf)                    size: 40252 bytes
(epstopdf)             Output file: <RR-eps-converted-to.pdf>
(epstopdf)                    date: 2019-11-18 15:43:57
(epstopdf)                    size: 18912 bytes
(epstopdf)             Command: <epstopdf --outfile=RR-eps-converted-to.pdf RR.
eps>
(epstopdf)             \includegraphics on input line 94.
Package epstopdf Info: Output file is already uptodate.


pdfTeX warning: pdflatex.exe (file ./RR-eps-converted-to.pdf): PDF inclusion: f
ound PDF version <1.7>, but at most version <1.5> allowed
<RR-eps-converted-to.pdf, id=37, 421.575pt x 316.18124pt>
File: RR-eps-converted-to.pdf Graphic file (type pdf)
<use RR-eps-converted-to.pdf>
Package pdftex.def Info: RR-eps-converted-to.pdf  used on input line 94.
(pdftex.def)             Requested size: 295.10048pt x 221.32535pt.
Package epstopdf Info: Source file: <inverse.eps>
(epstopdf)                    date: 2019-11-18 15:07:27
(epstopdf)                    size: 56182 bytes
(epstopdf)             Output file: <inverse-eps-converted-to.pdf>
(epstopdf)                    date: 2019-11-18 15:44:44
(epstopdf)                    size: 19638 bytes
(epstopdf)             Command: <epstopdf --outfile=inverse-eps-converted-to.pd
f inverse.eps>
(epstopdf)             \includegraphics on input line 101.
Package epstopdf Info: Output file is already uptodate.


pdfTeX warning: pdflatex.exe (file ./inverse-eps-converted-to.pdf): PDF inclusi
on: found PDF version <1.7>, but at most version <1.5> allowed
<inverse-eps-converted-to.pdf, id=38, 421.575pt x 316.18124pt>
File: inverse-eps-converted-to.pdf Graphic file (type pdf)
<use inverse-eps-converted-to.pdf>
Package pdftex.def Info: inverse-eps-converted-to.pdf  used on input line 101.
(pdftex.def)             Requested size: 295.10048pt x 221.32535pt.
Package epstopdf Info: Source file: <inverselog.eps>
(epstopdf)                    date: 2019-11-18 15:08:40
(epstopdf)                    size: 55371 bytes
(epstopdf)             Output file: <inverselog-eps-converted-to.pdf>
(epstopdf)                    date: 2019-11-18 15:45:10
(epstopdf)                    size: 19482 bytes
(epstopdf)             Command: <epstopdf --outfile=inverselog-eps-converted-to
.pdf inverselog.eps>
(epstopdf)             \includegraphics on input line 108.
Package epstopdf Info: Output file is already uptodate.


pdfTeX warning: pdflatex.exe (file ./inverselog-eps-converted-to.pdf): PDF incl
usion: found PDF version <1.7>, but at most version <1.5> allowed
<inverselog-eps-converted-to.pdf, id=39, 421.575pt x 316.18124pt>
File: inverselog-eps-converted-to.pdf Graphic file (type pdf)
<use inverselog-eps-converted-to.pdf>
Package pdftex.def Info: inverselog-eps-converted-to.pdf  used on input line 10
8.
(pdftex.def)             Requested size: 295.10048pt x 221.32535pt.
[6 <./RR-eps-converted-to.pdf>]
Package epstopdf Info: Source file: <d5.eps>
(epstopdf)                    date: 2019-11-18 15:20:29
(epstopdf)                    size: 43748 bytes
(epstopdf)             Output file: <d5-eps-converted-to.pdf>
(epstopdf)                    date: 2019-11-18 15:46:39
(epstopdf)                    size: 18079 bytes
(epstopdf)             Command: <epstopdf --outfile=d5-eps-converted-to.pdf d5.
eps>
(epstopdf)             \includegraphics on input line 116.
Package epstopdf Info: Output file is already uptodate.


pdfTeX warning: pdflatex.exe (file ./d5-eps-converted-to.pdf): PDF inclusion: f
ound PDF version <1.7>, but at most version <1.5> allowed
<d5-eps-converted-to.pdf, id=51, 421.575pt x 316.18124pt>
File: d5-eps-converted-to.pdf Graphic file (type pdf)
<use d5-eps-converted-to.pdf>
Package pdftex.def Info: d5-eps-converted-to.pdf  used on input line 116.
(pdftex.def)             Requested size: 295.10048pt x 221.32535pt.
[7 <./inverse-eps-converted-to.pdf> <./inverselog-eps-converted-to.pdf>]
Package epstopdf Info: Source file: <d8.eps>
(epstopdf)                    date: 2019-11-18 15:21:04
(epstopdf)                    size: 42671 bytes
(epstopdf)             Output file: <d8-eps-converted-to.pdf>
(epstopdf)                    date: 2019-11-18 15:46:39
(epstopdf)                    size: 17714 bytes
(epstopdf)             Command: <epstopdf --outfile=d8-eps-converted-to.pdf d8.
eps>
(epstopdf)             \includegraphics on input line 123.
Package epstopdf Info: Output file is already uptodate.


pdfTeX warning: pdflatex.exe (file ./d8-eps-converted-to.pdf): PDF inclusion: f
ound PDF version <1.7>, but at most version <1.5> allowed
<d8-eps-converted-to.pdf, id=72, 421.575pt x 316.18124pt>
File: d8-eps-converted-to.pdf Graphic file (type pdf)
<use d8-eps-converted-to.pdf>
Package pdftex.def Info: d8-eps-converted-to.pdf  used on input line 123.
(pdftex.def)             Requested size: 295.10048pt x 221.32535pt.
Package epstopdf Info: Source file: <d11.eps>
(epstopdf)                    date: 2019-11-18 15:21:36
(epstopdf)                    size: 44774 bytes
(epstopdf)             Output file: <d11-eps-converted-to.pdf>
(epstopdf)                    date: 2019-11-18 15:46:39
(epstopdf)                    size: 18017 bytes
(epstopdf)             Command: <epstopdf --outfile=d11-eps-converted-to.pdf d1
1.eps>
(epstopdf)             \includegraphics on input line 130.
Package epstopdf Info: Output file is already uptodate.


pdfTeX warning: pdflatex.exe (file ./d11-eps-converted-to.pdf): PDF inclusion: 
found PDF version <1.7>, but at most version <1.5> allowed
<d11-eps-converted-to.pdf, id=73, 421.575pt x 316.18124pt>
File: d11-eps-converted-to.pdf Graphic file (type pdf)
<use d11-eps-converted-to.pdf>
Package pdftex.def Info: d11-eps-converted-to.pdf  used on input line 130.
(pdftex.def)             Requested size: 295.10048pt x 221.32535pt.
[8 <./d5-eps-converted-to.pdf>] [9 <./d8-eps-converted-to.pdf> <./d11-eps-conve
rted-to.pdf>]
Package epstopdf Info: Source file: <low.eps>
(epstopdf)                    date: 2019-11-18 15:23:48
(epstopdf)                    size: 75861 bytes
(epstopdf)             Output file: <low-eps-converted-to.pdf>
(epstopdf)                    date: 2019-11-18 15:45:46
(epstopdf)                    size: 20206 bytes
(epstopdf)             Command: <epstopdf --outfile=low-eps-converted-to.pdf lo
w.eps>
(epstopdf)             \includegraphics on input line 142.
Package epstopdf Info: Output file is already uptodate.


pdfTeX warning: pdflatex.exe (file ./low-eps-converted-to.pdf): PDF inclusion: 
found PDF version <1.7>, but at most version <1.5> allowed
<low-eps-converted-to.pdf, id=104, 421.575pt x 316.18124pt>
File: low-eps-converted-to.pdf Graphic file (type pdf)
<use low-eps-converted-to.pdf>
Package pdftex.def Info: low-eps-converted-to.pdf  used on input line 142.
(pdftex.def)             Requested size: 295.10048pt x 221.32535pt.
[10 <./low-eps-converted-to.pdf>]
Underfull \hbox (badness 10000) in paragraph at lines 153--154

 []


Underfull \hbox (badness 10000) in paragraph at lines 154--156

 []


Overfull \hbox (93.9649pt too wide) in paragraph at lines 156--157
[]\OT1/cmr/m/n/12 https://pdfs.semanticscholar.org/748d/6a04e78f8dd3bdc15bdb743
65e1a9db0667d.pdf 
 []


Overfull \hbox (72.21625pt too wide) in paragraph at lines 163--181
[][] 
 []

[11]
Overfull \hbox (62.54602pt too wide) in paragraph at lines 186--210
[][] 
 []


Overfull \hbox (92.00919pt too wide) in paragraph at lines 215--229
[][] 
 []


Overfull \hbox (92.00919pt too wide) in paragraph at lines 234--248
[][] 
 []

[12]
Overfull \hbox (92.00919pt too wide) in paragraph at lines 253--267
[][] 
 []


Overfull \hbox (79.18518pt too wide) in paragraph at lines 272--308
[][] 
 []

Package epstopdf Info: Source file: <5.eps>
(epstopdf)                    date: 2019-11-18 18:56:11
(epstopdf)                    size: 20319 bytes
(epstopdf)             Output file: <5-eps-converted-to.pdf>
(epstopdf)                    date: 2019-11-18 18:57:12
(epstopdf)                    size: 8320 bytes
(epstopdf)             Command: <epstopdf --outfile=5-eps-converted-to.pdf 5.ep
s>
(epstopdf)             \includegraphics on input line 312.
Package epstopdf Info: Output file is already uptodate.


pdfTeX warning: pdflatex.exe (file ./5-eps-converted-to.pdf): PDF inclusion: fo
und PDF version <1.7>, but at most version <1.5> allowed
<5-eps-converted-to.pdf, id=122, 421.575pt x 316.18124pt>
File: 5-eps-converted-to.pdf Graphic file (type pdf)
<use 5-eps-converted-to.pdf>
Package pdftex.def Info: 5-eps-converted-to.pdf  used on input line 312.
(pdftex.def)             Requested size: 295.10048pt x 221.32535pt.
[13]
Package epstopdf Info: Source file: <8.eps>
(epstopdf)                    date: 2019-11-18 18:56:02
(epstopdf)                    size: 19932 bytes
(epstopdf)             Output file: <8-eps-converted-to.pdf>
(epstopdf)                    date: 2019-11-18 18:57:13
(epstopdf)                    size: 8341 bytes
(epstopdf)             Command: <epstopdf --outfile=8-eps-converted-to.pdf 8.ep
s>
(epstopdf)             \includegraphics on input line 317.
Package epstopdf Info: Output file is already uptodate.


pdfTeX warning: pdflatex.exe (file ./8-eps-converted-to.pdf): PDF inclusion: fo
und PDF version <1.7>, but at most version <1.5> allowed
<8-eps-converted-to.pdf, id=127, 421.575pt x 316.18124pt>
File: 8-eps-converted-to.pdf Graphic file (type pdf)
<use 8-eps-converted-to.pdf>
Package pdftex.def Info: 8-eps-converted-to.pdf  used on input line 317.
(pdftex.def)             Requested size: 295.10048pt x 221.32535pt.
Package epstopdf Info: Source file: <11.eps>
(epstopdf)                    date: 2019-11-18 18:56:19
(epstopdf)                    size: 16689 bytes
(epstopdf)             Output file: <11-eps-converted-to.pdf>
(epstopdf)                    date: 2019-11-18 18:57:13
(epstopdf)                    size: 7961 bytes
(epstopdf)             Command: <epstopdf --outfile=11-eps-converted-to.pdf 11.
eps>
(epstopdf)             \includegraphics on input line 323.
Package epstopdf Info: Output file is already uptodate.


pdfTeX warning: pdflatex.exe (file ./11-eps-converted-to.pdf): PDF inclusion: f
ound PDF version <1.7>, but at most version <1.5> allowed
<11-eps-converted-to.pdf, id=128, 421.575pt x 316.18124pt>
File: 11-eps-converted-to.pdf Graphic file (type pdf)
<use 11-eps-converted-to.pdf>
Package pdftex.def Info: 11-eps-converted-to.pdf  used on input line 323.
(pdftex.def)             Requested size: 295.10048pt x 221.32535pt.
[14 <./5-eps-converted-to.pdf>]
Package epstopdf Info: Source file: <lowraw.eps>
(epstopdf)                    date: 2019-11-18 15:24:29
(epstopdf)                    size: 21060 bytes
(epstopdf)             Output file: <lowraw-eps-converted-to.pdf>
(epstopdf)                    date: 2019-11-18 15:45:46
(epstopdf)                    size: 10833 bytes
(epstopdf)             Command: <epstopdf --outfile=lowraw-eps-converted-to.pdf
 lowraw.eps>
(epstopdf)             \includegraphics on input line 329.
Package epstopdf Info: Output file is already uptodate.


pdfTeX warning: pdflatex.exe (file ./lowraw-eps-converted-to.pdf): PDF inclusio
n: found PDF version <1.7>, but at most version <1.5> allowed
<lowraw-eps-converted-to.pdf, id=140, 421.575pt x 316.18124pt>
File: lowraw-eps-converted-to.pdf Graphic file (type pdf)
<use lowraw-eps-converted-to.pdf>
Package pdftex.def Info: lowraw-eps-converted-to.pdf  used on input line 329.
(pdftex.def)             Requested size: 295.10048pt x 221.32535pt.
[15 <./8-eps-converted-to.pdf> <./11-eps-converted-to.pdf>] [16 <./lowraw-eps-c
onverted-to.pdf>] ("stefan boltzmann.aux") )
(\end occurred inside a group at level 1)

### simple group (level 1) entered at line 15 ({)
### bottom level 
Here is how much of TeX's memory you used:
 4176 strings out of 492946
 59882 string characters out of 3143943
 142717 words of memory out of 3000000
 7993 multiletter control sequences out of 15000+200000
 11747 words of font info for 44 fonts, out of 3000000 for 9000
 1141 hyphenation exceptions out of 8191
 42i,9n,40p,1026b,379s stack positions out of 5000i,500n,10000p,200000b,50000s
<D:/LaTeX/fonts/type1/public/amsfonts/cm/cmbx10.pfb><D:/LaTeX/f
onts/type1/public/amsfonts/cm/cmbx12.pfb><D:/LaTeX/fonts/type1/public/amsfonts/
cm/cmex10.pfb><D:/LaTeX/fonts/type1/public/amsfonts/cm/cmmi10.pfb><D:/LaTeX/fon
ts/type1/public/amsfonts/cm/cmmi12.pfb><D:/LaTeX/fonts/type1/public/amsfonts/cm
/cmmi6.pfb><D:/LaTeX/fonts/type1/public/amsfonts/cm/cmmi8.pfb><D:/LaTeX/fonts/t
ype1/public/amsfonts/cm/cmr10.pfb><D:/LaTeX/fonts/type1/public/amsfonts/cm/cmr1
2.pfb><D:/LaTeX/fonts/type1/public/amsfonts/cm/cmr6.pfb><D:/LaTeX/fonts/type1/p
ublic/amsfonts/cm/cmr8.pfb><D:/LaTeX/fonts/type1/public/amsfonts/cm/cmsy10.pfb>
<D:/LaTeX/fonts/type1/public/amsfonts/cm/cmsy8.pfb><D:/LaTeX/fonts/type1/public
/amsfonts/cm/cmti10.pfb><D:/LaTeX/fonts/type1/public/amsfonts/cm/cmti12.pfb>
Output written on "stefan boltzmann.pdf" (16 pages, 543002 bytes).
PDF statistics:
 218 PDF objects out of 1000 (max. 8388607)
 0 named destinations out of 1000 (max. 500000)
 66 words of extra memory for PDF output out of 10000 (max. 10000000)

